# JRE version: OpenJDK Runtime Environment (11.0.12+7) (build 11.0.12+7-b1504.28-7817840)
# Java VM: OpenJDK 64-Bit Server VM (11.0.12+7-b1504.28-7817840, mixed mode, tiered, compressed oops, g1 gc, windows-amd64)
Heap:
 garbage-first heap   total 923648K, used 339456K [0x0000000080000000, 0x0000000100000000)
  region size 1024K, 6 young (6144K), 6 survivors (6144K)
 Metaspace       used 127882K, capacity 131008K, committed 131328K, reserved 1163264K
  class space    used 16150K, capacity 17305K, committed 17408K, reserved 1048576K
GC Heap History (20 events):
Event: 93.092 GC heap after
{Heap after GC invocations=63 (full 0):
 garbage-first heap   total 289792K, used 197962K [0x0000000080000000, 0x0000000100000000)
  region size 1024K, 2 young (2048K), 2 survivors (2048K)
 Metaspace       used 122528K, capacity 125323K, committed 125568K, reserved 1159168K
  class space    used 15380K, capacity 16416K, committed 16512K, reserved 1048576K
}
Event: 93.302 GC heap before
{Heap before GC invocations=63 (full 0):
 garbage-first heap   total 289792K, used 225610K [0x0000000080000000, 0x0000000100000000)
  region size 1024K, 30 young (30720K), 2 survivors (2048K)
 Metaspace       used 123827K, capacity 126739K, committed 126848K, reserved 1159168K
  class space    used 15672K, capacity 16741K, committed 16768K, reserved 1048576K
}
Event: 93.322 GC heap after
{Heap after GC invocations=64 (full 0):
 garbage-first heap   total 289792K, used 207697K [0x0000000080000000, 0x0000000100000000)
  region size 1024K, 4 young (4096K), 4 survivors (4096K)
 Metaspace       used 123827K, capacity 126739K, committed 126848K, reserved 1159168K
  class space    used 15672K, capacity 16741K, committed 16768K, reserved 1048576K
}
Event: 93.526 GC heap before
{Heap before GC invocations=64 (full 0):
 garbage-first heap   total 289792K, used 234321K [0x0000000080000000, 0x0000000100000000)
  region size 1024K, 29 young (29696K), 4 survivors (4096K)
 Metaspace       used 124588K, capacity 127541K, committed 127744K, reserved 1161216K
  class space    used 15777K, capacity 16857K, committed 16896K, reserved 1048576K
}
Event: 93.547 GC heap after
{Heap after GC invocations=65 (full 0):
 garbage-first heap   total 289792K, used 219970K [0x0000000080000000, 0x0000000100000000)
  region size 1024K, 4 young (4096K), 4 survivors (4096K)
 Metaspace       used 124588K, capacity 127541K, committed 127744K, reserved 1161216K
  class space    used 15777K, capacity 16857K, committed 16896K, reserved 1048576K
}
Event: 93.739 GC heap before
{Heap before GC invocations=65 (full 0):
 garbage-first heap   total 289792K, used 238402K [0x0000000080000000, 0x0000000100000000)
  region size 1024K, 23 young (23552K), 4 survivors (4096K)
 Metaspace       used 125477K, capacity 128398K, committed 128640K, reserved 1161216K
  class space    used 15900K, capacity 16993K, committed 17024K, reserved 1048576K
}
Event: 93.765 GC heap after
{Heap after GC invocations=66 (full 0):
 garbage-first heap   total 289792K, used 226105K [0x0000000080000000, 0x0000000100000000)
  region size 1024K, 3 young (3072K), 3 survivors (3072K)
 Metaspace       used 125477K, capacity 128398K, committed 128640K, reserved 1161216K
  class space    used 15900K, capacity 16993K, committed 17024K, reserved 1048576K
}
Event: 93.873 GC heap before
{Heap before GC invocations=67 (full 0):
 garbage-first heap   total 289792K, used 245561K [0x0000000080000000, 0x0000000100000000)
  region size 1024K, 20 young (20480K), 3 survivors (3072K)
 Metaspace       used 125980K, capacity 128962K, committed 129280K, reserved 1161216K
  class space    used 15953K, capacity 17051K, committed 17152K, reserved 1048576K
}
Event: 93.892 GC heap after
{Heap after GC invocations=68 (full 0):
 garbage-first heap   total 289792K, used 234068K [0x0000000080000000, 0x0000000100000000)
  region size 1024K, 3 young (3072K), 3 survivors (3072K)
 Metaspace       used 125980K, capacity 128962K, committed 129280K, reserved 1161216K
  class space    used 15953K, capacity 17051K, committed 17152K, reserved 1048576K
}
Event: 94.015 GC heap before
{Heap before GC invocations=68 (full 0):
 garbage-first heap   total 289792K, used 246356K [0x0000000080000000, 0x0000000100000000)
  region size 1024K, 14 young (14336K), 3 survivors (3072K)
 Metaspace       used 126548K, capacity 129620K, committed 129792K, reserved 1161216K
  class space    used 16021K, capacity 17141K, committed 17152K, reserved 1048576K
}
Event: 94.034 GC heap after
{Heap after GC invocations=69 (full 0):
 garbage-first heap   total 289792K, used 239014K [0x0000000080000000, 0x0000000100000000)
  region size 1024K, 2 young (2048K), 2 survivors (2048K)
 Metaspace       used 126548K, capacity 129620K, committed 129792K, reserved 1161216K
  class space    used 16021K, capacity 17141K, committed 17152K, reserved 1048576K
}
Event: 94.102 GC heap before
{Heap before GC invocations=69 (full 0):
 garbage-first heap   total 289792K, used 251302K [0x0000000080000000, 0x0000000100000000)
  region size 1024K, 14 young (14336K), 2 survivors (2048K)
 Metaspace       used 126806K, capacity 129870K, committed 130176K, reserved 1163264K
  class space    used 16048K, capacity 17180K, committed 17280K, reserved 1048576K
}
Event: 94.121 GC heap after
{Heap after GC invocations=70 (full 0):
 garbage-first heap   total 460800K, used 244736K [0x0000000080000000, 0x0000000100000000)
  region size 1024K, 2 young (2048K), 2 survivors (2048K)
 Metaspace       used 126806K, capacity 129870K, committed 130176K, reserved 1163264K
  class space    used 16048K, capacity 17180K, committed 17280K, reserved 1048576K
}
Event: 94.694 GC heap before
{Heap before GC invocations=71 (full 0):
 garbage-first heap   total 460800K, used 303104K [0x0000000080000000, 0x0000000100000000)
  region size 1024K, 63 young (64512K), 2 survivors (2048K)
 Metaspace       used 126906K, capacity 129944K, committed 130176K, reserved 1163264K
  class space    used 16049K, capacity 17180K, committed 17280K, reserved 1048576K
}
Event: 94.727 GC heap after
{Heap after GC invocations=72 (full 0):
 garbage-first heap   total 460800K, used 272518K [0x0000000080000000, 0x0000000100000000)
  region size 1024K, 8 young (8192K), 8 survivors (8192K)
 Metaspace       used 126906K, capacity 129944K, committed 130176K, reserved 1163264K
  class space    used 16049K, capacity 17180K, committed 17280K, reserved 1048576K
}
Event: 94.934 GC heap before
{Heap before GC invocations=72 (full 0):
 garbage-first heap   total 460800K, used 325766K [0x0000000080000000, 0x0000000100000000)
  region size 1024K, 61 young (62464K), 8 survivors (8192K)
 Metaspace       used 127162K, capacity 130208K, committed 130432K, reserved 1163264K
  class space    used 16076K, capacity 17199K, committed 17280K, reserved 1048576K
}
Event: 94.977 GC heap after
{Heap after GC invocations=73 (full 0):
 garbage-first heap   total 460800K, used 300032K [0x0000000080000000, 0x0000000100000000)
  region size 1024K, 8 young (8192K), 8 survivors (8192K)
 Metaspace       used 127162K, capacity 130208K, committed 130432K, reserved 1163264K
  class space    used 16076K, capacity 17199K, committed 17280K, reserved 1048576K
}
Event: 95.194 GC heap before
{Heap before GC invocations=73 (full 0):
 garbage-first heap   total 460800K, used 347136K [0x0000000080000000, 0x0000000100000000)
  region size 1024K, 54 young (55296K), 8 survivors (8192K)
 Metaspace       used 127461K, capacity 130513K, committed 130688K, reserved 1163264K
  class space    used 16111K, capacity 17257K, committed 17280K, reserved 1048576K
}
Event: 95.294 GC heap after
{Heap after GC invocations=74 (full 0):
 garbage-first heap   total 460800K, used 323072K [0x0000000080000000, 0x0000000100000000)
  region size 1024K, 7 young (7168K), 7 survivors (7168K)
 Metaspace       used 127461K, capacity 130513K, committed 130688K, reserved 1163264K
  class space    used 16111K, capacity 17257K, committed 17280K, reserved 1048576K
}
Event: 96.064 GC heap before
{Heap before GC invocations=75 (full 0):
 garbage-first heap   total 460800K, used 361984K [0x0000000080000000, 0x0000000100000000)
  region size 1024K, 46 young (47104K), 7 survivors (7168K)
 Metaspace       used 127882K, capacity 131008K, committed 131328K, reserved 1163264K
  class space    used 16150K, capacity 17305K, committed 17408K, reserved 1048576K
}

