# JRE version: OpenJDK Runtime Environment (11.0.12+7) (build 11.0.12+7-b1504.28-7817840)
# Java VM: OpenJDK 64-Bit Server VM (11.0.12+7-b1504.28-7817840, mixed mode, tiered, compressed oops, g1 gc, windows-amd64)
Heap:
 garbage-first heap   total 155648K, used 27648K [0x0000000084000000, 0x0000000100000000)
  region size 1024K, 7 young (7168K), 7 survivors (7168K)
 Metaspace       used 44713K, capacity 45215K, committed 45488K, reserved 1089536K
  class space    used 5263K, capacity 5437K, committed 5552K, reserved 1048576K
GC Heap History (9 events):
Event: 0.619 GC heap before
{Heap before GC invocations=0 (full 0):
 garbage-first heap   total 126976K, used 27648K [0x0000000084000000, 0x0000000100000000)
  region size 1024K, 24 young (24576K), 0 survivors (0K)
 Metaspace       used 11946K, capacity 12082K, committed 12160K, reserved 1060864K
  class space    used 1075K, capacity 1109K, committed 1152K, reserved 1048576K
}
Event: 0.625 GC heap after
{Heap after GC invocations=1 (full 0):
 garbage-first heap   total 126976K, used 6237K [0x0000000084000000, 0x0000000100000000)
  region size 1024K, 3 young (3072K), 3 survivors (3072K)
 Metaspace       used 11946K, capacity 12082K, committed 12160K, reserved 1060864K
  class space    used 1075K, capacity 1109K, committed 1152K, reserved 1048576K
}
Event: 1.756 GC heap before
{Heap before GC invocations=1 (full 0):
 garbage-first heap   total 126976K, used 44125K [0x0000000084000000, 0x0000000100000000)
  region size 1024K, 41 young (41984K), 3 survivors (3072K)
 Metaspace       used 21060K, capacity 21205K, committed 21296K, reserved 1069056K
  class space    used 2233K, capacity 2307K, committed 2352K, reserved 1048576K
}
Event: 1.779 GC heap after
{Heap after GC invocations=2 (full 0):
 garbage-first heap   total 126976K, used 9887K [0x0000000084000000, 0x0000000100000000)
  region size 1024K, 7 young (7168K), 7 survivors (7168K)
 Metaspace       used 21060K, capacity 21205K, committed 21296K, reserved 1069056K
  class space    used 2233K, capacity 2307K, committed 2352K, reserved 1048576K
}
Event: 3.304 GC heap before
{Heap before GC invocations=3 (full 0):
 garbage-first heap   total 126976K, used 64159K [0x0000000084000000, 0x0000000100000000)
  region size 1024K, 55 young (56320K), 7 survivors (7168K)
 Metaspace       used 30825K, capacity 31301K, committed 31536K, reserved 1077248K
  class space    used 3660K, capacity 3857K, committed 3888K, reserved 1048576K
}
Event: 3.329 GC heap after
{Heap after GC invocations=4 (full 0):
 garbage-first heap   total 126976K, used 22207K [0x0000000084000000, 0x0000000100000000)
  region size 1024K, 7 young (7168K), 7 survivors (7168K)
 Metaspace       used 30825K, capacity 31301K, committed 31536K, reserved 1077248K
  class space    used 3660K, capacity 3857K, committed 3888K, reserved 1048576K
}
Event: 3.779 GC heap before
{Heap before GC invocations=4 (full 0):
 garbage-first heap   total 126976K, used 42687K [0x0000000084000000, 0x0000000100000000)
  region size 1024K, 28 young (28672K), 7 survivors (7168K)
 Metaspace       used 35259K, capacity 35637K, committed 35888K, reserved 1081344K
  class space    used 4345K, capacity 4532K, committed 4656K, reserved 1048576K
}
Event: 3.795 GC heap after
{Heap after GC invocations=5 (full 0):
 garbage-first heap   total 126976K, used 24479K [0x0000000084000000, 0x0000000100000000)
  region size 1024K, 3 young (3072K), 3 survivors (3072K)
 Metaspace       used 35259K, capacity 35637K, committed 35888K, reserved 1081344K
  class space    used 4345K, capacity 4532K, committed 4656K, reserved 1048576K
}
Event: 5.155 GC heap before
{Heap before GC invocations=6 (full 0):
 garbage-first heap   total 126976K, used 74655K [0x0000000084000000, 0x0000000100000000)
  region size 1024K, 52 young (53248K), 3 survivors (3072K)
 Metaspace       used 44713K, capacity 45215K, committed 45488K, reserved 1089536K
  class space    used 5263K, capacity 5437K, committed 5552K, reserved 1048576K
}

