# JRE version: OpenJDK Runtime Environment (11.0.12+7) (build 11.0.12+7-b1504.28-7817840)
# Java VM: OpenJDK 64-Bit Server VM (11.0.12+7-b1504.28-7817840, mixed mode, tiered, compressed oops, g1 gc, windows-amd64)
Heap:
 garbage-first heap   total 152576K, used 93636K [0x0000000080000000, 0x0000000100000000)
  region size 1024K, 7 young (7168K), 1 survivors (1024K)
 Metaspace       used 90374K, capacity 92351K, committed 92456K, reserved 1130496K
  class space    used 11392K, capacity 12062K, committed 12160K, reserved 1048576K
GC Heap History (20 events):
Event: 13.393 GC heap before
{Heap before GC invocations=17 (full 0):
 garbage-first heap   total 152576K, used 106558K [0x0000000080000000, 0x0000000100000000)
  region size 1024K, 48 young (49152K), 6 survivors (6144K)
 Metaspace       used 66694K, capacity 68385K, committed 68648K, reserved 1110016K
  class space    used 8421K, capacity 9004K, committed 9088K, reserved 1048576K
}
Event: 13.401 GC heap after
{Heap after GC invocations=18 (full 0):
 garbage-first heap   total 152576K, used 66040K [0x0000000080000000, 0x0000000100000000)
  region size 1024K, 3 young (3072K), 3 survivors (3072K)
 Metaspace       used 66694K, capacity 68385K, committed 68648K, reserved 1110016K
  class space    used 8421K, capacity 9004K, committed 9088K, reserved 1048576K
}
Event: 14.122 GC heap before
{Heap before GC invocations=18 (full 0):
 garbage-first heap   total 152576K, used 111096K [0x0000000080000000, 0x0000000100000000)
  region size 1024K, 47 young (48128K), 3 survivors (3072K)
 Metaspace       used 69368K, capacity 71123K, committed 71336K, reserved 1112064K
  class space    used 8777K, capacity 9402K, committed 9472K, reserved 1048576K
}
Event: 14.128 GC heap after
{Heap after GC invocations=19 (full 0):
 garbage-first heap   total 152576K, used 69440K [0x0000000080000000, 0x0000000100000000)
  region size 1024K, 6 young (6144K), 6 survivors (6144K)
 Metaspace       used 69368K, capacity 71123K, committed 71336K, reserved 1112064K
  class space    used 8777K, capacity 9402K, committed 9472K, reserved 1048576K
}
Event: 14.618 GC heap before
{Heap before GC invocations=19 (full 0):
 garbage-first heap   total 152576K, used 114496K [0x0000000080000000, 0x0000000100000000)
  region size 1024K, 50 young (51200K), 6 survivors (6144K)
 Metaspace       used 71507K, capacity 73254K, committed 73384K, reserved 1114112K
  class space    used 9026K, capacity 9664K, committed 9728K, reserved 1048576K
}
Event: 14.624 GC heap after
{Heap after GC invocations=20 (full 0):
 garbage-first heap   total 152576K, used 72348K [0x0000000080000000, 0x0000000100000000)
  region size 1024K, 7 young (7168K), 7 survivors (7168K)
 Metaspace       used 71507K, capacity 73254K, committed 73384K, reserved 1114112K
  class space    used 9026K, capacity 9664K, committed 9728K, reserved 1048576K
}
Event: 15.710 GC heap before
{Heap before GC invocations=20 (full 0):
 garbage-first heap   total 152576K, used 116380K [0x0000000080000000, 0x0000000100000000)
  region size 1024K, 50 young (51200K), 7 survivors (7168K)
 Metaspace       used 76137K, capacity 77933K, committed 78248K, reserved 1118208K
  class space    used 9806K, capacity 10427K, committed 10496K, reserved 1048576K
}
Event: 15.721 GC heap after
{Heap after GC invocations=21 (full 0):
 garbage-first heap   total 152576K, used 74933K [0x0000000080000000, 0x0000000100000000)
  region size 1024K, 6 young (6144K), 6 survivors (6144K)
 Metaspace       used 76137K, capacity 77933K, committed 78248K, reserved 1118208K
  class space    used 9806K, capacity 10427K, committed 10496K, reserved 1048576K
}
Event: 16.401 GC heap before
{Heap before GC invocations=21 (full 0):
 garbage-first heap   total 152576K, used 119989K [0x0000000080000000, 0x0000000100000000)
  region size 1024K, 50 young (51200K), 6 survivors (6144K)
 Metaspace       used 77410K, capacity 79278K, committed 79528K, reserved 1118208K
  class space    used 9987K, capacity 10658K, committed 10752K, reserved 1048576K
}
Event: 16.413 GC heap after
{Heap after GC invocations=22 (full 0):
 garbage-first heap   total 152576K, used 78730K [0x0000000080000000, 0x0000000100000000)
  region size 1024K, 7 young (7168K), 7 survivors (7168K)
 Metaspace       used 77410K, capacity 79278K, committed 79528K, reserved 1118208K
  class space    used 9987K, capacity 10658K, committed 10752K, reserved 1048576K
}
Event: 17.701 GC heap before
{Heap before GC invocations=23 (full 0):
 garbage-first heap   total 152576K, used 121738K [0x0000000080000000, 0x0000000100000000)
  region size 1024K, 49 young (50176K), 7 survivors (7168K)
 Metaspace       used 80338K, capacity 82218K, committed 82472K, reserved 1120256K
  class space    used 10400K, capacity 11098K, committed 11136K, reserved 1048576K
}
Event: 17.713 GC heap after
{Heap after GC invocations=24 (full 0):
 garbage-first heap   total 152576K, used 82066K [0x0000000080000000, 0x0000000100000000)
  region size 1024K, 7 young (7168K), 7 survivors (7168K)
 Metaspace       used 80338K, capacity 82218K, committed 82472K, reserved 1120256K
  class space    used 10400K, capacity 11098K, committed 11136K, reserved 1048576K
}
Event: 18.356 GC heap before
{Heap before GC invocations=24 (full 0):
 garbage-first heap   total 152576K, used 124050K [0x0000000080000000, 0x0000000100000000)
  region size 1024K, 48 young (49152K), 7 survivors (7168K)
 Metaspace       used 83346K, capacity 85226K, committed 85416K, reserved 1124352K
  class space    used 10783K, capacity 11482K, committed 11520K, reserved 1048576K
}
Event: 18.370 GC heap after
{Heap after GC invocations=25 (full 0):
 garbage-first heap   total 152576K, used 83323K [0x0000000080000000, 0x0000000100000000)
  region size 1024K, 5 young (5120K), 5 survivors (5120K)
 Metaspace       used 83346K, capacity 85226K, committed 85416K, reserved 1124352K
  class space    used 10783K, capacity 11482K, committed 11520K, reserved 1048576K
}
Event: 19.949 GC heap before
{Heap before GC invocations=26 (full 0):
 garbage-first heap   total 152576K, used 124283K [0x0000000080000000, 0x0000000100000000)
  region size 1024K, 46 young (47104K), 5 survivors (5120K)
 Metaspace       used 86083K, capacity 88074K, committed 88232K, reserved 1126400K
  class space    used 11058K, capacity 11761K, committed 11776K, reserved 1048576K
}
Event: 19.959 GC heap after
{Heap after GC invocations=27 (full 0):
 garbage-first heap   total 152576K, used 88054K [0x0000000080000000, 0x0000000100000000)
  region size 1024K, 6 young (6144K), 6 survivors (6144K)
 Metaspace       used 86083K, capacity 88074K, committed 88232K, reserved 1126400K
  class space    used 11058K, capacity 11761K, committed 11776K, reserved 1048576K
}
Event: 683.012 GC heap before
{Heap before GC invocations=27 (full 0):
 garbage-first heap   total 152576K, used 124918K [0x0000000080000000, 0x0000000100000000)
  region size 1024K, 43 young (44032K), 6 survivors (6144K)
 Metaspace       used 90134K, capacity 92114K, committed 92456K, reserved 1130496K
  class space    used 11388K, capacity 12055K, committed 12160K, reserved 1048576K
}
Event: 683.126 GC heap after
{Heap after GC invocations=28 (full 0):
 garbage-first heap   total 152576K, used 88926K [0x0000000080000000, 0x0000000100000000)
  region size 1024K, 2 young (2048K), 2 survivors (2048K)
 Metaspace       used 90134K, capacity 92114K, committed 92456K, reserved 1130496K
  class space    used 11388K, capacity 12055K, committed 12160K, reserved 1048576K
}
Event: 2715.096 GC heap before
{Heap before GC invocations=29 (full 0):
 garbage-first heap   total 152576K, used 126814K [0x0000000080000000, 0x0000000100000000)
  region size 1024K, 39 young (39936K), 2 survivors (2048K)
 Metaspace       used 90315K, capacity 92307K, committed 92456K, reserved 1130496K
  class space    used 11388K, capacity 12055K, committed 12160K, reserved 1048576K
}
Event: 2715.171 GC heap after
{Heap after GC invocations=30 (full 0):
 garbage-first heap   total 152576K, used 88516K [0x0000000080000000, 0x0000000100000000)
  region size 1024K, 1 young (1024K), 1 survivors (1024K)
 Metaspace       used 90315K, capacity 92307K, committed 92456K, reserved 1130496K
  class space    used 11388K, capacity 12055K, committed 12160K, reserved 1048576K
}

